<?xml version="1.0" encoding="UTF-8"?>
<testng-results ignored="2" total="6" passed="2" failed="2" skipped="0">
  <reporter-output>
    <line>
      <![CDATA[Test case started verifyOmayoHomePage]]>
    </line>
    <line>
      <![CDATA[Test case failed verifyOmayoHomePage]]>
    </line>
    <line>
      <![CDATA[Test case started verifyCheckboxAndRadioButtonBehaviours]]>
    </line>
    <line>
      <![CDATA[Test case failed verifyCheckboxAndRadioButtonBehaviours]]>
    </line>
    <line>
      <![CDATA[Test case started verifyPasswordTextDisplayed]]>
    </line>
    <line>
      <![CDATA[Test case succededverifyPasswordTextDisplayed]]>
    </line>
    <line>
      <![CDATA[Test case started verifyUserNameTextDisplayed]]>
    </line>
    <line>
      <![CDATA[Test case succededverifyUserNameTextDisplayed]]>
    </line>
  </reporter-output>
  <suite started-at="2023-05-14T19:32:14 IST" name="Suite" finished-at="2023-05-14T19:32:59 IST" duration-ms="45114">
    <groups>
      <group name="sanity">
        <method signature="VerifyTextField.verifyPasswordTextDisplayed()[pri:10, instance:TestCase2.VerifyTextField@593aaf41]" name="verifyPasswordTextDisplayed" class="TestCase2.VerifyTextField"/>
        <method signature="VerifyTextField.verifyUserNameTextDisplayed()[pri:10, instance:TestCase2.VerifyTextField@593aaf41]" name="verifyUserNameTextDisplayed" class="TestCase2.VerifyTextField"/>
      </group> <!-- sanity -->
      <group name="e2e">
        <method signature="VerifyOmayoBlogHomePgae.verifyOmayoHomePage()[pri:1, instance:TestCase.VerifyOmayoBlogHomePgae@53fdffa1]" name="verifyOmayoHomePage" class="TestCase.VerifyOmayoBlogHomePgae"/>
        <method signature="VerifyRadioButtonAndCheckBox.verifyCheckboxAndRadioButtonBehaviours()[pri:1, instance:TestCase.VerifyRadioButtonAndCheckBox@54bff557]" name="verifyCheckboxAndRadioButtonBehaviours" class="TestCase.VerifyRadioButtonAndCheckBox"/>
      </group> <!-- e2e -->
    </groups>
    <test started-at="2023-05-14T19:32:14 IST" name="Test" finished-at="2023-05-14T19:32:59 IST" duration-ms="45114">
      <class name="TestCase.VerifyRadioButtonAndCheckBox">
        <test-method is-config="true" signature="setup()[pri:0, instance:TestCase.VerifyRadioButtonAndCheckBox@54bff557]" started-at="2023-05-14T19:32:25 IST" name="setup" finished-at="2023-05-14T19:32:31 IST" duration-ms="5391" status="PASS">
          <reporter-output>
          </reporter-output>
        </test-method> <!-- setup -->
        <test-method signature="verifyCheckboxAndRadioButtonBehaviours()[pri:1, instance:TestCase.VerifyRadioButtonAndCheckBox@54bff557]" started-at="2023-05-14T19:32:31 IST" name="verifyCheckboxAndRadioButtonBehaviours" finished-at="2023-05-14T19:32:31 IST" duration-ms="41" status="FAIL">
          <exception class="org.openqa.selenium.NoSuchElementException">
            <message>
              <![CDATA[no such element: Unable to locate element: {"method":"xpath","selector":"//input[@id='radio1']"}
  (Session info: chrome=113.0.5672.93)
For documentation on this error, please visit: https://selenium.dev/exceptions/#no_such_element
Build info: version: '4.9.0', revision: 'd7057100a6'
System info: os.name: 'Windows 10', os.arch: 'amd64', os.version: '10.0', java.version: '17.0.3'
Driver info: org.openqa.selenium.chrome.ChromeDriver
Command: [a11cf0ffa4e44fcaf24afbd43ba163ff, findElement {using=xpath, value=//input[@id='radio1']}]
Capabilities {acceptInsecureCerts: false, browserName: chrome, browserVersion: 113.0.5672.93, chrome: {chromedriverVersion: 113.0.5672.63 (0e1a4471d5ae..., userDataDir: C:\Users\Asus\AppData\Local...}, goog:chromeOptions: {debuggerAddress: localhost:50545}, networkConnectionEnabled: false, pageLoadStrategy: normal, platformName: WINDOWS, proxy: Proxy(), se:cdp: ws://localhost:50545/devtoo..., se:cdpVersion: 113.0.5672.93, setWindowRect: true, strictFileInteractability: false, timeouts: {implicit: 0, pageLoad: 300000, script: 30000}, unhandledPromptBehavior: dismiss and notify, webauthn:extension:credBlob: true, webauthn:extension:largeBlob: true, webauthn:extension:minPinLength: true, webauthn:extension:prf: true, webauthn:virtualAuthenticators: true}
Session ID: a11cf0ffa4e44fcaf24afbd43ba163ff]]>
            </message>
            <full-stacktrace>
              <![CDATA[org.openqa.selenium.NoSuchElementException: no such element: Unable to locate element: {"method":"xpath","selector":"//input[@id='radio1']"}
  (Session info: chrome=113.0.5672.93)
For documentation on this error, please visit: https://selenium.dev/exceptions/#no_such_element
Build info: version: '4.9.0', revision: 'd7057100a6'
System info: os.name: 'Windows 10', os.arch: 'amd64', os.version: '10.0', java.version: '17.0.3'
Driver info: org.openqa.selenium.chrome.ChromeDriver
Command: [a11cf0ffa4e44fcaf24afbd43ba163ff, findElement {using=xpath, value=//input[@id='radio1']}]
Capabilities {acceptInsecureCerts: false, browserName: chrome, browserVersion: 113.0.5672.93, chrome: {chromedriverVersion: 113.0.5672.63 (0e1a4471d5ae..., userDataDir: C:\Users\Asus\AppData\Local...}, goog:chromeOptions: {debuggerAddress: localhost:50545}, networkConnectionEnabled: false, pageLoadStrategy: normal, platformName: WINDOWS, proxy: Proxy(), se:cdp: ws://localhost:50545/devtoo..., se:cdpVersion: 113.0.5672.93, setWindowRect: true, strictFileInteractability: false, timeouts: {implicit: 0, pageLoad: 300000, script: 30000}, unhandledPromptBehavior: dismiss and notify, webauthn:extension:credBlob: true, webauthn:extension:largeBlob: true, webauthn:extension:minPinLength: true, webauthn:extension:prf: true, webauthn:virtualAuthenticators: true}
Session ID: a11cf0ffa4e44fcaf24afbd43ba163ff
at java.base/jdk.internal.reflect.NativeConstructorAccessorImpl.newInstance0(Native Method)
at java.base/jdk.internal.reflect.NativeConstructorAccessorImpl.newInstance(NativeConstructorAccessorImpl.java:77)
at java.base/jdk.internal.reflect.DelegatingConstructorAccessorImpl.newInstance(DelegatingConstructorAccessorImpl.java:45)
at java.base/java.lang.reflect.Constructor.newInstanceWithCaller(Constructor.java:499)
at java.base/java.lang.reflect.Constructor.newInstance(Constructor.java:480)
at org.openqa.selenium.remote.codec.w3c.W3CHttpResponseCodec.createException(W3CHttpResponseCodec.java:200)
at org.openqa.selenium.remote.codec.w3c.W3CHttpResponseCodec.decode(W3CHttpResponseCodec.java:133)
at org.openqa.selenium.remote.codec.w3c.W3CHttpResponseCodec.decode(W3CHttpResponseCodec.java:53)
at org.openqa.selenium.remote.HttpCommandExecutor.execute(HttpCommandExecutor.java:193)
at org.openqa.selenium.remote.service.DriverCommandExecutor.invokeExecute(DriverCommandExecutor.java:183)
at org.openqa.selenium.remote.service.DriverCommandExecutor.execute(DriverCommandExecutor.java:158)
at org.openqa.selenium.remote.RemoteWebDriver.execute(RemoteWebDriver.java:543)
at org.openqa.selenium.remote.ElementLocation$ElementFinder$2.findElement(ElementLocation.java:162)
at org.openqa.selenium.remote.ElementLocation.findElement(ElementLocation.java:60)
at org.openqa.selenium.remote.RemoteWebDriver.findElement(RemoteWebDriver.java:352)
at org.openqa.selenium.remote.RemoteWebDriver.findElement(RemoteWebDriver.java:344)
at pages.HomePage.setMaleRadioButton(HomePage.java:75)
at pages.HomePage.getMaleRadioButton(HomePage.java:70)
at TestCase.VerifyRadioButtonAndCheckBox.verifyCheckboxAndRadioButtonBehaviours(VerifyRadioButtonAndCheckBox.java:39)
at java.base/jdk.internal.reflect.NativeMethodAccessorImpl.invoke0(Native Method)
at java.base/jdk.internal.reflect.NativeMethodAccessorImpl.invoke(NativeMethodAccessorImpl.java:77)
at java.base/jdk.internal.reflect.DelegatingMethodAccessorImpl.invoke(DelegatingMethodAccessorImpl.java:43)
at java.base/java.lang.reflect.Method.invoke(Method.java:568)
at org.testng.internal.MethodInvocationHelper.invokeMethod(MethodInvocationHelper.java:133)
at org.testng.internal.TestInvoker.invokeMethod(TestInvoker.java:598)
at org.testng.internal.TestInvoker.invokeTestMethod(TestInvoker.java:173)
at org.testng.internal.MethodRunner.runInSequence(MethodRunner.java:46)
at org.testng.internal.TestInvoker$MethodInvocationAgent.invoke(TestInvoker.java:824)
at org.testng.internal.TestInvoker.invokeTestMethods(TestInvoker.java:146)
at org.testng.internal.TestMethodWorker.invokeTestMethods(TestMethodWorker.java:146)
at org.testng.internal.TestMethodWorker.run(TestMethodWorker.java:128)
at java.base/java.util.ArrayList.forEach(ArrayList.java:1511)
at org.testng.TestRunner.privateRun(TestRunner.java:794)
at org.testng.TestRunner.run(TestRunner.java:596)
at org.testng.SuiteRunner.runTest(SuiteRunner.java:377)
at org.testng.SuiteRunner.runSequentially(SuiteRunner.java:371)
at org.testng.SuiteRunner.privateRun(SuiteRunner.java:332)
at org.testng.SuiteRunner.run(SuiteRunner.java:276)
at org.testng.SuiteRunnerWorker.runSuite(SuiteRunnerWorker.java:53)
at org.testng.SuiteRunnerWorker.run(SuiteRunnerWorker.java:96)
at org.testng.TestNG.runSuitesSequentially(TestNG.java:1212)
at org.testng.TestNG.runSuitesLocally(TestNG.java:1134)
at org.testng.TestNG.runSuites(TestNG.java:1063)
at org.testng.TestNG.run(TestNG.java:1031)
at org.testng.remote.AbstractRemoteTestNG.run(AbstractRemoteTestNG.java:115)
at org.testng.remote.RemoteTestNG.initAndRun(RemoteTestNG.java:251)
at org.testng.remote.RemoteTestNG.main(RemoteTestNG.java:77)
]]>
            </full-stacktrace>
          </exception> <!-- org.openqa.selenium.NoSuchElementException -->
          <reporter-output>
            <line>
              <![CDATA[Test case started verifyCheckboxAndRadioButtonBehaviours]]>
            </line>
            <line>
              <![CDATA[Test case failed verifyCheckboxAndRadioButtonBehaviours]]>
            </line>
          </reporter-output>
        </test-method> <!-- verifyCheckboxAndRadioButtonBehaviours -->
        <test-method is-config="true" signature="tearDown(org.testng.ITestResult)[pri:0, instance:TestCase.VerifyRadioButtonAndCheckBox@54bff557]" started-at="2023-05-14T19:32:31 IST" name="tearDown" finished-at="2023-05-14T19:32:31 IST" duration-ms="764" status="PASS">
          <params>
            <param index="0">
              <value>
                <![CDATA[[TestResult name=verifyCheckboxAndRadioButtonBehaviours status=FAILURE method=VerifyRadioButtonAndCheckBox.verifyCheckboxAndRadioButtonBehaviours()[pri:1, instance:TestCase.VerifyRadioButtonAndCheckBox@54bff557] output=Test case started verifyCheckboxAndRadioButtonBehaviours]]]>
              </value>
            </param>
          </params>
          <reporter-output>
          </reporter-output>
        </test-method> <!-- tearDown -->
      </class> <!-- TestCase.VerifyRadioButtonAndCheckBox -->
      <class name="TestCase2.VerifyTextField">
        <test-method is-config="true" signature="setup()[pri:0, instance:TestCase2.VerifyTextField@593aaf41]" started-at="2023-05-14T19:32:31 IST" name="setup" finished-at="2023-05-14T19:32:47 IST" duration-ms="15580" status="PASS">
          <reporter-output>
          </reporter-output>
        </test-method> <!-- setup -->
        <test-method signature="verifyPasswordTextDisplayed()[pri:10, instance:TestCase2.VerifyTextField@593aaf41]" started-at="2023-05-14T19:32:47 IST" name="verifyPasswordTextDisplayed" finished-at="2023-05-14T19:32:47 IST" duration-ms="349" status="PASS">
          <reporter-output>
            <line>
              <![CDATA[Test case started verifyPasswordTextDisplayed]]>
            </line>
            <line>
              <![CDATA[Test case succededverifyPasswordTextDisplayed]]>
            </line>
          </reporter-output>
        </test-method> <!-- verifyPasswordTextDisplayed -->
        <test-method is-config="true" signature="tearDown(org.testng.ITestResult)[pri:0, instance:TestCase2.VerifyTextField@593aaf41]" started-at="2023-05-14T19:32:47 IST" name="tearDown" finished-at="2023-05-14T19:32:48 IST" duration-ms="510" status="PASS">
          <params>
            <param index="0">
              <value>
                <![CDATA[[TestResult name=verifyPasswordTextDisplayed status=SUCCESS method=VerifyTextField.verifyPasswordTextDisplayed()[pri:10, instance:TestCase2.VerifyTextField@593aaf41] output=Test case started verifyPasswordTextDisplayed]]]>
              </value>
            </param>
          </params>
          <reporter-output>
          </reporter-output>
        </test-method> <!-- tearDown -->
        <test-method is-config="true" signature="setup()[pri:0, instance:TestCase2.VerifyTextField@593aaf41]" started-at="2023-05-14T19:32:48 IST" name="setup" finished-at="2023-05-14T19:32:59 IST" duration-ms="10767" status="PASS">
          <reporter-output>
          </reporter-output>
        </test-method> <!-- setup -->
        <test-method signature="verifyUserNameTextDisplayed()[pri:10, instance:TestCase2.VerifyTextField@593aaf41]" started-at="2023-05-14T19:32:59 IST" name="verifyUserNameTextDisplayed" finished-at="2023-05-14T19:32:59 IST" duration-ms="213" status="PASS">
          <reporter-output>
            <line>
              <![CDATA[Test case started verifyUserNameTextDisplayed]]>
            </line>
            <line>
              <![CDATA[Test case succededverifyUserNameTextDisplayed]]>
            </line>
          </reporter-output>
        </test-method> <!-- verifyUserNameTextDisplayed -->
        <test-method is-config="true" signature="tearDown(org.testng.ITestResult)[pri:0, instance:TestCase2.VerifyTextField@593aaf41]" started-at="2023-05-14T19:32:59 IST" name="tearDown" finished-at="2023-05-14T19:32:59 IST" duration-ms="386" status="PASS">
          <params>
            <param index="0">
              <value>
                <![CDATA[[TestResult name=verifyUserNameTextDisplayed status=SUCCESS method=VerifyTextField.verifyUserNameTextDisplayed()[pri:10, instance:TestCase2.VerifyTextField@593aaf41] output=Test case started verifyUserNameTextDisplayed]]]>
              </value>
            </param>
          </params>
          <reporter-output>
          </reporter-output>
        </test-method> <!-- tearDown -->
      </class> <!-- TestCase2.VerifyTextField -->
      <class name="TestCase.VerifyOmayoBlogHomePgae">
        <test-method is-config="true" signature="setup()[pri:0, instance:TestCase.VerifyOmayoBlogHomePgae@53fdffa1]" started-at="2023-05-14T19:32:14 IST" name="setup" finished-at="2023-05-14T19:32:24 IST" duration-ms="9986" status="PASS">
          <reporter-output>
          </reporter-output>
        </test-method> <!-- setup -->
        <test-method signature="verifyOmayoHomePage()[pri:1, instance:TestCase.VerifyOmayoBlogHomePgae@53fdffa1]" started-at="2023-05-14T19:32:24 IST" name="verifyOmayoHomePage" finished-at="2023-05-14T19:32:24 IST" duration-ms="75" status="FAIL">
          <exception class="org.openqa.selenium.NoSuchElementException">
            <message>
              <![CDATA[no such element: Unable to locate element: {"method":"xpath","selector":"//h1[@class='title']"}
  (Session info: chrome=113.0.5672.93)
For documentation on this error, please visit: https://selenium.dev/exceptions/#no_such_element
Build info: version: '4.9.0', revision: 'd7057100a6'
System info: os.name: 'Windows 10', os.arch: 'amd64', os.version: '10.0', java.version: '17.0.3'
Driver info: org.openqa.selenium.chrome.ChromeDriver
Command: [8c02c892a135fe47f4c963f58ec5c5e0, findElement {using=xpath, value=//h1[@class='title']}]
Capabilities {acceptInsecureCerts: false, browserName: chrome, browserVersion: 113.0.5672.93, chrome: {chromedriverVersion: 113.0.5672.63 (0e1a4471d5ae..., userDataDir: C:\Users\Asus\AppData\Local...}, goog:chromeOptions: {debuggerAddress: localhost:50521}, networkConnectionEnabled: false, pageLoadStrategy: normal, platformName: WINDOWS, proxy: Proxy(), se:cdp: ws://localhost:50521/devtoo..., se:cdpVersion: 113.0.5672.93, setWindowRect: true, strictFileInteractability: false, timeouts: {implicit: 0, pageLoad: 300000, script: 30000}, unhandledPromptBehavior: dismiss and notify, webauthn:extension:credBlob: true, webauthn:extension:largeBlob: true, webauthn:extension:minPinLength: true, webauthn:extension:prf: true, webauthn:virtualAuthenticators: true}
Session ID: 8c02c892a135fe47f4c963f58ec5c5e0]]>
            </message>
            <full-stacktrace>
              <![CDATA[org.openqa.selenium.NoSuchElementException: no such element: Unable to locate element: {"method":"xpath","selector":"//h1[@class='title']"}
  (Session info: chrome=113.0.5672.93)
For documentation on this error, please visit: https://selenium.dev/exceptions/#no_such_element
Build info: version: '4.9.0', revision: 'd7057100a6'
System info: os.name: 'Windows 10', os.arch: 'amd64', os.version: '10.0', java.version: '17.0.3'
Driver info: org.openqa.selenium.chrome.ChromeDriver
Command: [8c02c892a135fe47f4c963f58ec5c5e0, findElement {using=xpath, value=//h1[@class='title']}]
Capabilities {acceptInsecureCerts: false, browserName: chrome, browserVersion: 113.0.5672.93, chrome: {chromedriverVersion: 113.0.5672.63 (0e1a4471d5ae..., userDataDir: C:\Users\Asus\AppData\Local...}, goog:chromeOptions: {debuggerAddress: localhost:50521}, networkConnectionEnabled: false, pageLoadStrategy: normal, platformName: WINDOWS, proxy: Proxy(), se:cdp: ws://localhost:50521/devtoo..., se:cdpVersion: 113.0.5672.93, setWindowRect: true, strictFileInteractability: false, timeouts: {implicit: 0, pageLoad: 300000, script: 30000}, unhandledPromptBehavior: dismiss and notify, webauthn:extension:credBlob: true, webauthn:extension:largeBlob: true, webauthn:extension:minPinLength: true, webauthn:extension:prf: true, webauthn:virtualAuthenticators: true}
Session ID: 8c02c892a135fe47f4c963f58ec5c5e0
at java.base/jdk.internal.reflect.NativeConstructorAccessorImpl.newInstance0(Native Method)
at java.base/jdk.internal.reflect.NativeConstructorAccessorImpl.newInstance(NativeConstructorAccessorImpl.java:77)
at java.base/jdk.internal.reflect.DelegatingConstructorAccessorImpl.newInstance(DelegatingConstructorAccessorImpl.java:45)
at java.base/java.lang.reflect.Constructor.newInstanceWithCaller(Constructor.java:499)
at java.base/java.lang.reflect.Constructor.newInstance(Constructor.java:480)
at org.openqa.selenium.remote.codec.w3c.W3CHttpResponseCodec.createException(W3CHttpResponseCodec.java:200)
at org.openqa.selenium.remote.codec.w3c.W3CHttpResponseCodec.decode(W3CHttpResponseCodec.java:133)
at org.openqa.selenium.remote.codec.w3c.W3CHttpResponseCodec.decode(W3CHttpResponseCodec.java:53)
at org.openqa.selenium.remote.HttpCommandExecutor.execute(HttpCommandExecutor.java:193)
at org.openqa.selenium.remote.service.DriverCommandExecutor.invokeExecute(DriverCommandExecutor.java:183)
at org.openqa.selenium.remote.service.DriverCommandExecutor.execute(DriverCommandExecutor.java:158)
at org.openqa.selenium.remote.RemoteWebDriver.execute(RemoteWebDriver.java:543)
at org.openqa.selenium.remote.ElementLocation$ElementFinder$2.findElement(ElementLocation.java:162)
at org.openqa.selenium.remote.ElementLocation.findElement(ElementLocation.java:60)
at org.openqa.selenium.remote.RemoteWebDriver.findElement(RemoteWebDriver.java:352)
at org.openqa.selenium.remote.RemoteWebDriver.findElement(RemoteWebDriver.java:344)
at pages.HomePage.setPageTitle(HomePage.java:39)
at pages.HomePage.getPageTitle(HomePage.java:34)
at TestCase.VerifyOmayoBlogHomePgae.verifyOmayoHomePage(VerifyOmayoBlogHomePgae.java:38)
at java.base/jdk.internal.reflect.NativeMethodAccessorImpl.invoke0(Native Method)
at java.base/jdk.internal.reflect.NativeMethodAccessorImpl.invoke(NativeMethodAccessorImpl.java:77)
at java.base/jdk.internal.reflect.DelegatingMethodAccessorImpl.invoke(DelegatingMethodAccessorImpl.java:43)
at java.base/java.lang.reflect.Method.invoke(Method.java:568)
at org.testng.internal.MethodInvocationHelper.invokeMethod(MethodInvocationHelper.java:133)
at org.testng.internal.TestInvoker.invokeMethod(TestInvoker.java:598)
at org.testng.internal.TestInvoker.invokeTestMethod(TestInvoker.java:173)
at org.testng.internal.MethodRunner.runInSequence(MethodRunner.java:46)
at org.testng.internal.TestInvoker$MethodInvocationAgent.invoke(TestInvoker.java:824)
at org.testng.internal.TestInvoker.invokeTestMethods(TestInvoker.java:146)
at org.testng.internal.TestMethodWorker.invokeTestMethods(TestMethodWorker.java:146)
at org.testng.internal.TestMethodWorker.run(TestMethodWorker.java:128)
at java.base/java.util.ArrayList.forEach(ArrayList.java:1511)
at org.testng.TestRunner.privateRun(TestRunner.java:794)
at org.testng.TestRunner.run(TestRunner.java:596)
at org.testng.SuiteRunner.runTest(SuiteRunner.java:377)
at org.testng.SuiteRunner.runSequentially(SuiteRunner.java:371)
at org.testng.SuiteRunner.privateRun(SuiteRunner.java:332)
at org.testng.SuiteRunner.run(SuiteRunner.java:276)
at org.testng.SuiteRunnerWorker.runSuite(SuiteRunnerWorker.java:53)
at org.testng.SuiteRunnerWorker.run(SuiteRunnerWorker.java:96)
at org.testng.TestNG.runSuitesSequentially(TestNG.java:1212)
at org.testng.TestNG.runSuitesLocally(TestNG.java:1134)
at org.testng.TestNG.runSuites(TestNG.java:1063)
at org.testng.TestNG.run(TestNG.java:1031)
at org.testng.remote.AbstractRemoteTestNG.run(AbstractRemoteTestNG.java:115)
at org.testng.remote.RemoteTestNG.initAndRun(RemoteTestNG.java:251)
at org.testng.remote.RemoteTestNG.main(RemoteTestNG.java:77)
]]>
            </full-stacktrace>
          </exception> <!-- org.openqa.selenium.NoSuchElementException -->
          <reporter-output>
            <line>
              <![CDATA[Test case started verifyOmayoHomePage]]>
            </line>
            <line>
              <![CDATA[Test case failed verifyOmayoHomePage]]>
            </line>
          </reporter-output>
        </test-method> <!-- verifyOmayoHomePage -->
        <test-method is-config="true" signature="tearDown(org.testng.ITestResult)[pri:0, instance:TestCase.VerifyOmayoBlogHomePgae@53fdffa1]" started-at="2023-05-14T19:32:24 IST" name="tearDown" finished-at="2023-05-14T19:32:25 IST" duration-ms="936" status="PASS">
          <params>
            <param index="0">
              <value>
                <![CDATA[[TestResult name=verifyOmayoHomePage status=FAILURE method=VerifyOmayoBlogHomePgae.verifyOmayoHomePage()[pri:1, instance:TestCase.VerifyOmayoBlogHomePgae@53fdffa1] output=Test case started verifyOmayoHomePage]]]>
              </value>
            </param>
          </params>
          <reporter-output>
          </reporter-output>
        </test-method> <!-- tearDown -->
      </class> <!-- TestCase.VerifyOmayoBlogHomePgae -->
    </test> <!-- Test -->
  </suite> <!-- Suite -->
</testng-results>
